[debug] [2022-02-04T14:19:13.366Z] ----------------------------------------------------------------------
[debug] [2022-02-04T14:19:13.369Z] Command:       C:\Program Files\nodejs\node.exe C:\Users\matte\AppData\Roaming\npm\node_modules\firebase-tools\lib\bin\firebase.js deploy
[debug] [2022-02-04T14:19:13.369Z] CLI Version:   10.1.4
[debug] [2022-02-04T14:19:13.369Z] Platform:      win32
[debug] [2022-02-04T14:19:13.370Z] Node Version:  v14.17.6
[debug] [2022-02-04T14:19:13.376Z] Time:          Fri Feb 04 2022 15:19:13 GMT+0100 (heure normale d’Europe centrale)
[debug] [2022-02-04T14:19:13.377Z] ----------------------------------------------------------------------
[debug] 
[debug] [2022-02-04T14:19:13.481Z] > command requires scopes: ["email","openid","https://www.googleapis.com/auth/cloudplatformprojects.readonly","https://www.googleapis.com/auth/firebase","https://www.googleapis.com/auth/cloud-platform"]
[debug] [2022-02-04T14:19:13.482Z] > authorizing via signed-in user (matteobm89250@gmail.com)
[debug] [2022-02-04T14:19:13.482Z] [iam] checking project db-eighty-six for permissions ["firebase.projects.get","firebasehosting.sites.update"]
[debug] [2022-02-04T14:19:13.485Z] >>> [apiv2][query] POST https://cloudresourcemanager.googleapis.com/v1/projects/db-eighty-six:testIamPermissions [none]
[debug] [2022-02-04T14:19:13.486Z] >>> [apiv2][body] POST https://cloudresourcemanager.googleapis.com/v1/projects/db-eighty-six:testIamPermissions {"permissions":["firebase.projects.get","firebasehosting.sites.update"]}
[debug] [2022-02-04T14:19:14.364Z] <<< [apiv2][status] POST https://cloudresourcemanager.googleapis.com/v1/projects/db-eighty-six:testIamPermissions 200
[debug] [2022-02-04T14:19:14.365Z] <<< [apiv2][body] POST https://cloudresourcemanager.googleapis.com/v1/projects/db-eighty-six:testIamPermissions {"permissions":["firebase.projects.get","firebasehosting.sites.update"]}
[debug] [2022-02-04T14:19:14.368Z] >>> [apiv2][query] GET https://firebase.googleapis.com/v1beta1/projects/db-eighty-six [none]
[debug] [2022-02-04T14:19:14.763Z] <<< [apiv2][status] GET https://firebase.googleapis.com/v1beta1/projects/db-eighty-six 200
[debug] [2022-02-04T14:19:14.764Z] <<< [apiv2][body] GET https://firebase.googleapis.com/v1beta1/projects/db-eighty-six {"projectId":"db-eighty-six","projectNumber":"668483911286","displayName":"db-eighty-six","name":"projects/db-eighty-six","resources":{"hostingSite":"db-eighty-six"},"state":"ACTIVE"}
[info] 
[info] === Deploying to 'db-eighty-six'...
[info] 
[info] i  deploying hosting 
[debug] [2022-02-04T14:19:14.784Z] > refreshing access token with scopes: ["email","https://www.googleapis.com/auth/cloud-platform","https://www.googleapis.com/auth/cloudplatformprojects.readonly","https://www.googleapis.com/auth/firebase","openid"]
[debug] [2022-02-04T14:19:14.785Z] >>> HTTP REQUEST POST https://www.googleapis.com/oauth2/v3/token  
 <request body omitted>
[debug] [2022-02-04T14:19:15.041Z] <<< HTTP RESPONSE 200 {"cache-control":"no-cache, no-store, max-age=0, must-revalidate","date":"Fri, 04 Feb 2022 14:19:14 GMT","expires":"Mon, 01 Jan 1990 00:00:00 GMT","pragma":"no-cache","content-type":"application/json; charset=utf-8","vary":"X-Origin, Referer, Origin,Accept-Encoding","server":"scaffolding on HTTPServer2","x-xss-protection":"0","x-frame-options":"SAMEORIGIN","x-content-type-options":"nosniff","alt-svc":"h3=\":443\"; ma=2592000,h3-29=\":443\"; ma=2592000,h3-Q050=\":443\"; ma=2592000,h3-Q046=\":443\"; ma=2592000,h3-Q043=\":443\"; ma=2592000,quic=\":443\"; ma=2592000; v=\"46,43\"","accept-ranges":"none","transfer-encoding":"chunked"}
[debug] [2022-02-04T14:19:15.061Z] >>> HTTP REQUEST POST https://firebasehosting.googleapis.com/v1beta1/sites/db-eighty-six/versions  
 {"config":{"rewrites":[{"glob":"**","path":"/index.html"}]},"labels":{"deployment-tool":"cli-firebase"}}
[debug] [2022-02-04T14:19:16.618Z] <<< HTTP RESPONSE 200 {"content-type":"application/json; charset=UTF-8","vary":"X-Origin, Referer, Origin,Accept-Encoding","date":"Fri, 04 Feb 2022 14:19:15 GMT","server":"ESF","cache-control":"private","x-xss-protection":"0","x-frame-options":"SAMEORIGIN","x-content-type-options":"nosniff","alt-svc":"h3=\":443\"; ma=2592000,h3-29=\":443\"; ma=2592000,h3-Q050=\":443\"; ma=2592000,h3-Q046=\":443\"; ma=2592000,h3-Q043=\":443\"; ma=2592000,quic=\":443\"; ma=2592000; v=\"46,43\"","accept-ranges":"none","transfer-encoding":"chunked"}
[info] i  hosting[db-eighty-six]: beginning deploy... 
[info] i  hosting[db-eighty-six]: found 47 files in build 
[debug] [2022-02-04T14:19:16.697Z] > refreshing access token with scopes: []
[debug] [2022-02-04T14:19:16.699Z] >>> HTTP REQUEST POST https://www.googleapis.com/oauth2/v3/token  
 <request body omitted>
[debug] [2022-02-04T14:19:16.704Z] [hosting] hash cache [YnVpbGQ] stored for 47 files
[debug] [2022-02-04T14:19:16.705Z] [hosting][hash queue][FINAL] {"max":17,"min":1,"avg":1,"active":0,"complete":47,"success":47,"errored":0,"retried":0,"total":47,"elapsed":26}
[debug] [2022-02-04T14:19:16.880Z] <<< HTTP RESPONSE 200 {"expires":"Mon, 01 Jan 1990 00:00:00 GMT","date":"Fri, 04 Feb 2022 14:19:16 GMT","pragma":"no-cache","cache-control":"no-cache, no-store, max-age=0, must-revalidate","content-type":"application/json; charset=utf-8","vary":"X-Origin, Referer, Origin,Accept-Encoding","server":"scaffolding on HTTPServer2","x-xss-protection":"0","x-frame-options":"SAMEORIGIN","x-content-type-options":"nosniff","alt-svc":"h3=\":443\"; ma=2592000,h3-29=\":443\"; ma=2592000,h3-Q050=\":443\"; ma=2592000,h3-Q046=\":443\"; ma=2592000,h3-Q043=\":443\"; ma=2592000,quic=\":443\"; ma=2592000; v=\"46,43\"","accept-ranges":"none","transfer-encoding":"chunked"}
[debug] [2022-02-04T14:19:16.900Z] >>> [apiv2][query] POST https://firebasehosting.googleapis.com/v1beta1/sites/db-eighty-six/versions/4e74d9fe8f6c5a09:populateFiles [none]
[debug] [2022-02-04T14:19:16.901Z] >>> [apiv2][body] POST https://firebasehosting.googleapis.com/v1beta1/sites/db-eighty-six/versions/4e74d9fe8f6c5a09:populateFiles {"files":{"/asset-manifest.json":"6bb1160aa28ac2c6ccec6d18d0d4970247de42fa45585f38ba261984347f0f10","/favicon.ico":"eae62e993eb980ec8a25058c39d5a51feab118bd2100c4deebb2a9c158ec11f9","/favicon.png":"6bb350a98e797c516d8698eaef5cccb6317ea7d992849873e37532928417a4c8","/index.html":"adaadcb57b91c512270b2ec46cf41903247068b46962089dc117c9c1e93d636c","/manifest.json":"0691bd108784fb9be86daa6736191ede0a5e5c9730f6e254424740d2581154a5","/robots.txt":"bfe106a3fb878dc83461c86818bf74fc1bdc7f28538ba613cd3e775516ce8b49","/assets/1.png":"d39444a796c5ac98f79041dfbbe6912b8dee0c4f34f59d26c416ca8281c0c0e2","/assets/10.png":"78ac954faad8f3d9de0ae56f3ceccbdfffd4bd39c31ffb0d7e8b0b13c3f6b345","/assets/11.png":"4a4309417408a5d4c600b72e267aa7ff78387b106def9e9244c262c49bc5126c","/assets/12.png":"705672d84aa0ee19a7eb9294fb7cb17e89d856687057a6bb256dc832caef96d9","/assets/2.png":"7fbbf92e702737e3c530a7f2fbf4646cf08fbf3172c1fe811a52f408cac2ad41","/assets/3.png":"ef34c33abb45f0810f0f1983cb31967d9f5e1aba757c704cd61f92d76e262b42","/assets/4.png":"62e4e0ee1d63431e1b4eeccc2581fba7d2b2c1f374f4546f18f8a2e7d186967d","/assets/5.png":"5346d77e50331e0c86ba4e7b4ee4a6e364467b1f0057e50e99c04b4257e92f82","/assets/6.png":"2a325c34f4472daac545b13bdae4f9f29aa4fad3418eb92da5be719b45d46e46","/assets/7.png":"04f8c25e088418106a16ebbf04793de3dc7476ff1440d559791fa59145c5f5b6","/assets/8.png":"992bab7543b6ec000e1c7c705bb577935d099d5291211ebcccc2aa77e948ab51","/assets/9.png":"5f1afbd1b2e494bf2f5a6cd26a1a07d210b9d0ffc33383b1ff39ecae760e8acd","/assets/anju.png":"1643e79379fd122a9dcfd4ea5b87fd53ee3d9149a425e392cde8cb336e1bbba4","/assets/backgroundDownJugger.jpg":"9dd2f05ade7f5f487a99e19ae744873a5f2ca592cfb0b45592ea17d189f716cc","/assets/backgroundTopjugger.jpg":"c9bf5a12cafc684db64467084ecd3fc5f740d41f843bccaa524095c7997dd5f9","/assets/backHome.jpg":"35d5312da39bf91f40736ee6913db0ca3887985f4528981b4e215071d9af0e66","/assets/darkMainbackground.jpg":"627c0d2f236f85ea82e147ef38b7f9861f2b715dec7667343603831c8da72c7a","/assets/Fido.png":"999dc5d77301294beb0425e626bf84d4ba3421c172d7bdf8934b8fe38fc3bcb2","/assets/frederica.png":"c5d0611737e54774a3aba1b09222714781367c1531ca88b76fb8ac1069460d31","/assets/kurena.png":"a07a96c631b30b572237fee18dce2c68d979f09bd43e03958487194b2b818192","/assets/milize.jpg":"b1deb7ddadf47f1edd588e11aae8be4a6aa933afea9433a39d0a27c45e7e5900","/assets/raiden.png":"b8dee0dce26222719ce1fbdfc1d0e58086836f45a79de39416842df92d64e289","/assets/rain.png":"cf2c96fb718dc11724616e49a9f58adc4edcb9e51b422bbdf70fea0a2c2b8701","/assets/sanmagnolia.jpg":"f88e30bbc5f5b02c4b2d505f353dd602d11d728bdaa7bf3146398e039650716e","/assets/shin&lena.png":"96d11e66629199d6b85e0131153e783abb36d3a939b563d5322ddb87d4bf1255","/assets/shin3d.png":"b601516a95c47030152b67d9738940753e09c399b4789fd6e9cdd3df37c2e1c5","/assets/shinei.png":"0778d9304e91c4d40f8d6b2dc5c51ce13e1a530b2fcf05143f268e51c61c06c9","/assets/shinhome.png":"6c6b24e12eab3e6395ce2780f0e00f754e0b55b935880d0a661769438a5072cd","/assets/spreadhead.jpg":"e06ac2756803443668b5f36db834fd5ad99e7e8fb51e3e7d9e2d645b44306be9","/assets/theoto.png":"87067d2b379f9c2b109613181a9261351a063a468b06e70f7e0ca943c8e0dd53","/assets/vladilena.png":"53427dd36e1b9b5fb655f7b1ccd764b83441dae6d2e817727b1712de89c36a12","/static/css/main.2dd827c0.css":"0966f837391ebf21f58e5cdb41a61f090488625a497e306d2d41ac3a00b06040","/static/css/main.2dd827c0.css.map":"45228b023fa1271664aedbd1721d27da2da0172cb96ec2ec703f914506fd98a0","/static/js/787.04bf7c36.chunk.js":"3391792033086c5e3f6bd90d50d7ff7360e3c408b191026f1b3d850188e22046","/static/js/787.04bf7c36.chunk.js.map":"5e0c778292d2ca3ed263d54c437a088be2c26645a858c6f9b88ec96f9f920988","/static/js/main.0cda6866.js":"4e1fedc5fc73ac3a41bd4dbbcfc550a9144d73d9c5f3c307903ffb2ea5b7511f","/static/js/main.0cda6866.js.LICENSE.txt":"ce23f79ce333993f5ee76ff631945b67fcfd7e33f0904b9ad311be8eed5d1c43","/static/js/main.0cda6866.js.map":"0087a35304aba3cd4cf61cb23bd6cc440468ba502a85e5ce534a25f753925627","/static/media/backgroundDownJugger.fdceeff9941f44aa9a91.jpg":"9dd2f05ade7f5f487a99e19ae744873a5f2ca592cfb0b45592ea17d189f716cc","/static/media/backgroundTopjugger.e2ee1d52841231b1fc8c.jpg":"c9bf5a12cafc684db64467084ecd3fc5f740d41f843bccaa524095c7997dd5f9","/static/media/backHome.dcc7e586f76cadb42d72.jpg":"35d5312da39bf91f40736ee6913db0ca3887985f4528981b4e215071d9af0e66"}}
[debug] [2022-02-04T14:19:18.050Z] <<< [apiv2][status] POST https://firebasehosting.googleapis.com/v1beta1/sites/db-eighty-six/versions/4e74d9fe8f6c5a09:populateFiles 200
[debug] [2022-02-04T14:19:18.050Z] <<< [apiv2][body] POST https://firebasehosting.googleapis.com/v1beta1/sites/db-eighty-six/versions/4e74d9fe8f6c5a09:populateFiles {"uploadRequiredHashes":["96d11e66629199d6b85e0131153e783abb36d3a939b563d5322ddb87d4bf1255","b601516a95c47030152b67d9738940753e09c399b4789fd6e9cdd3df37c2e1c5","6c6b24e12eab3e6395ce2780f0e00f754e0b55b935880d0a661769438a5072cd"],"uploadUrl":"https://upload-firebasehosting.googleapis.com/upload/sites/db-eighty-six/versions/4e74d9fe8f6c5a09/files"}
[debug] [2022-02-04T14:19:18.053Z] >>> [apiv2][query] POST https://upload-firebasehosting.googleapis.com/upload/sites/db-eighty-six/versions/4e74d9fe8f6c5a09/files/96d11e66629199d6b85e0131153e783abb36d3a939b563d5322ddb87d4bf1255 [none]
[debug] [2022-02-04T14:19:18.054Z] >>> [apiv2][body] POST https://upload-firebasehosting.googleapis.com/upload/sites/db-eighty-six/versions/4e74d9fe8f6c5a09/files/96d11e66629199d6b85e0131153e783abb36d3a939b563d5322ddb87d4bf1255 [stream]
[debug] [2022-02-04T14:19:18.056Z] >>> [apiv2][query] POST https://upload-firebasehosting.googleapis.com/upload/sites/db-eighty-six/versions/4e74d9fe8f6c5a09/files/b601516a95c47030152b67d9738940753e09c399b4789fd6e9cdd3df37c2e1c5 [none]
[debug] [2022-02-04T14:19:18.056Z] >>> [apiv2][body] POST https://upload-firebasehosting.googleapis.com/upload/sites/db-eighty-six/versions/4e74d9fe8f6c5a09/files/b601516a95c47030152b67d9738940753e09c399b4789fd6e9cdd3df37c2e1c5 [stream]
[debug] [2022-02-04T14:19:18.058Z] >>> [apiv2][query] POST https://upload-firebasehosting.googleapis.com/upload/sites/db-eighty-six/versions/4e74d9fe8f6c5a09/files/6c6b24e12eab3e6395ce2780f0e00f754e0b55b935880d0a661769438a5072cd [none]
[debug] [2022-02-04T14:19:18.058Z] >>> [apiv2][body] POST https://upload-firebasehosting.googleapis.com/upload/sites/db-eighty-six/versions/4e74d9fe8f6c5a09/files/6c6b24e12eab3e6395ce2780f0e00f754e0b55b935880d0a661769438a5072cd [stream]
[debug] [2022-02-04T14:19:18.060Z] [hosting][populate queue][FINAL] {"max":1356,"min":1356,"avg":1356,"active":0,"complete":1,"success":1,"errored":0,"retried":0,"total":1,"elapsed":1363}
[debug] [2022-02-04T14:19:18.060Z] [hosting] uploads queued: 3
[debug] [2022-02-04T14:19:48.457Z] [uploadQueue] Retrying task 96d11e66629199d6b85e0131153e783abb36d3a939b563d5322ddb87d4bf1255
[debug] [2022-02-04T14:19:48.459Z] >>> [apiv2][query] POST https://upload-firebasehosting.googleapis.com/upload/sites/db-eighty-six/versions/4e74d9fe8f6c5a09/files/96d11e66629199d6b85e0131153e783abb36d3a939b563d5322ddb87d4bf1255 [none]
[debug] [2022-02-04T14:19:48.460Z] >>> [apiv2][body] POST https://upload-firebasehosting.googleapis.com/upload/sites/db-eighty-six/versions/4e74d9fe8f6c5a09/files/96d11e66629199d6b85e0131153e783abb36d3a939b563d5322ddb87d4bf1255 [stream]
[debug] [2022-02-04T14:20:10.330Z] [uploadQueue] Retrying task 6c6b24e12eab3e6395ce2780f0e00f754e0b55b935880d0a661769438a5072cd
[debug] [2022-02-04T14:20:10.331Z] >>> [apiv2][query] POST https://upload-firebasehosting.googleapis.com/upload/sites/db-eighty-six/versions/4e74d9fe8f6c5a09/files/6c6b24e12eab3e6395ce2780f0e00f754e0b55b935880d0a661769438a5072cd [none]
[debug] [2022-02-04T14:20:10.331Z] >>> [apiv2][body] POST https://upload-firebasehosting.googleapis.com/upload/sites/db-eighty-six/versions/4e74d9fe8f6c5a09/files/6c6b24e12eab3e6395ce2780f0e00f754e0b55b935880d0a661769438a5072cd [stream]
[debug] [2022-02-04T14:20:19.271Z] [uploadQueue] Retrying task 96d11e66629199d6b85e0131153e783abb36d3a939b563d5322ddb87d4bf1255
[debug] [2022-02-04T14:20:19.274Z] >>> [apiv2][query] POST https://upload-firebasehosting.googleapis.com/upload/sites/db-eighty-six/versions/4e74d9fe8f6c5a09/files/96d11e66629199d6b85e0131153e783abb36d3a939b563d5322ddb87d4bf1255 [none]
[debug] [2022-02-04T14:20:19.274Z] >>> [apiv2][body] POST https://upload-firebasehosting.googleapis.com/upload/sites/db-eighty-six/versions/4e74d9fe8f6c5a09/files/96d11e66629199d6b85e0131153e783abb36d3a939b563d5322ddb87d4bf1255 [stream]
[debug] [2022-02-04T14:20:36.188Z] [uploadQueue] Retrying task b601516a95c47030152b67d9738940753e09c399b4789fd6e9cdd3df37c2e1c5
[debug] [2022-02-04T14:20:36.189Z] >>> [apiv2][query] POST https://upload-firebasehosting.googleapis.com/upload/sites/db-eighty-six/versions/4e74d9fe8f6c5a09/files/b601516a95c47030152b67d9738940753e09c399b4789fd6e9cdd3df37c2e1c5 [none]
[debug] [2022-02-04T14:20:36.189Z] >>> [apiv2][body] POST https://upload-firebasehosting.googleapis.com/upload/sites/db-eighty-six/versions/4e74d9fe8f6c5a09/files/b601516a95c47030152b67d9738940753e09c399b4789fd6e9cdd3df37c2e1c5 [stream]
[debug] [2022-02-04T14:20:50.899Z] [uploadQueue] Retrying task 96d11e66629199d6b85e0131153e783abb36d3a939b563d5322ddb87d4bf1255
[debug] [2022-02-04T14:20:50.900Z] >>> [apiv2][query] POST https://upload-firebasehosting.googleapis.com/upload/sites/db-eighty-six/versions/4e74d9fe8f6c5a09/files/96d11e66629199d6b85e0131153e783abb36d3a939b563d5322ddb87d4bf1255 [none]
[debug] [2022-02-04T14:20:50.901Z] >>> [apiv2][body] POST https://upload-firebasehosting.googleapis.com/upload/sites/db-eighty-six/versions/4e74d9fe8f6c5a09/files/96d11e66629199d6b85e0131153e783abb36d3a939b563d5322ddb87d4bf1255 [stream]
[debug] [2022-02-04T14:21:03.002Z] [uploadQueue] Retrying task 6c6b24e12eab3e6395ce2780f0e00f754e0b55b935880d0a661769438a5072cd
[debug] [2022-02-04T14:21:03.003Z] >>> [apiv2][query] POST https://upload-firebasehosting.googleapis.com/upload/sites/db-eighty-six/versions/4e74d9fe8f6c5a09/files/6c6b24e12eab3e6395ce2780f0e00f754e0b55b935880d0a661769438a5072cd [none]
[debug] [2022-02-04T14:21:03.003Z] >>> [apiv2][body] POST https://upload-firebasehosting.googleapis.com/upload/sites/db-eighty-six/versions/4e74d9fe8f6c5a09/files/6c6b24e12eab3e6395ce2780f0e00f754e0b55b935880d0a661769438a5072cd [stream]
